Using pre-set license
Built from '2020.3/release' branch; Version is '2020.3.2f1 (8fd9074bf66c) revision 9427207'; Using compiler version '192528614'; Build Type 'Release'
OS: 'Windows 10 Home; OS build 19042.985; Version 2009; 64bit' Language: 'pl' Physical Memory: 16231 MB
BatchMode: 1, IsHumanControllingUs: 0, StartBugReporterOnCrash: 0, Is64bit: 1, IsPro: 0

 COMMAND LINE ARGUMENTS:
C:\Program Files\Unity\Hub\Editor\2020.3.2f1\Editor\Unity.exe
-adb2
-batchMode
-noUpm
-name
AssetImportWorker0
-projectPath
C:/Users/filip/Documents/GitHub/Islander
-logFile
Logs/AssetImportWorker0.log
-srvPort
60477
Successfully changed project path to: C:/Users/filip/Documents/GitHub/Islander
C:/Users/filip/Documents/GitHub/Islander
Using Asset Import Pipeline V2.
Refreshing native plugins compatible for Editor in 35.74 ms, found 1 plugins.
Preloading 0 native plugins for Editor in 0.00 ms.
Initialize engine version: 2020.3.2f1 (8fd9074bf66c)
[Subsystems] Discovering subsystems at path C:/Program Files/Unity/Hub/Editor/2020.3.2f1/Editor/Data/Resources/UnitySubsystems
[Subsystems] Discovering subsystems at path C:/Users/filip/Documents/GitHub/Islander/Assets
GfxDevice: creating device client; threaded=0
Direct3D:
    Version:  Direct3D 11.0 [level 11.1]
    Renderer: NVIDIA GeForce RTX 2070 with Max-Q Design (ID=0x1f10)
    Vendor:   
    VRAM:     8031 MB
    Driver:   27.21.14.5730
Initialize mono
Mono path[0] = 'C:/Program Files/Unity/Hub/Editor/2020.3.2f1/Editor/Data/Managed'
Mono path[1] = 'C:/Program Files/Unity/Hub/Editor/2020.3.2f1/Editor/Data/MonoBleedingEdge/lib/mono/unityjit'
Mono config path = 'C:/Program Files/Unity/Hub/Editor/2020.3.2f1/Editor/Data/MonoBleedingEdge/etc'
Using monoOptions --debugger-agent=transport=dt_socket,embedding=1,server=y,suspend=n,address=127.0.0.1:56412
Begin MonoManager ReloadAssembly
Registering precompiled unity dll's ...
Register platform support module: C:/Program Files/Unity/Hub/Editor/2020.3.2f1/Editor/Data/PlaybackEngines/WindowsStandaloneSupport/UnityEditor.WindowsStandalone.Extensions.dll
Registered in 0.002460 seconds.
Native extension for WindowsStandalone target not found
Refreshing native plugins compatible for Editor in 48.08 ms, found 1 plugins.
Preloading 0 native plugins for Editor in 0.00 ms.
Invoked RoslynAnalysisRunner static constructor.
RoslynAnalysisRunner will not be running.
RoslynAnalysisRunner has terminated.
Mono: successfully reloaded assembly
- Completed reload, in  2.516 seconds
Platform modules already initialized, skipping
Registering precompiled user dll's ...
Registered in 0.001241 seconds.
Begin MonoManager ReloadAssembly
Native extension for WindowsStandalone target not found
Refreshing native plugins compatible for Editor in 47.63 ms, found 1 plugins.
Preloading 0 native plugins for Editor in 0.00 ms.
Invoked RoslynAnalysisRunner static constructor.
RoslynAnalysisRunner will not be running.
RoslynAnalysisRunner has terminated.
Mono: successfully reloaded assembly
- Completed reload, in  1.109 seconds
Platform modules already initialized, skipping
========================================================================
Worker process is ready to serve import requests
Launched and connected shader compiler UnityShaderCompiler.exe after 0.05 seconds
Refreshing native plugins compatible for Editor in 0.55 ms, found 1 plugins.
Preloading 0 native plugins for Editor in 0.00 ms.
Unloading 1823 Unused Serialized files (Serialized files now loaded: 0)
System memory in use before: 85.4 MB.
System memory in use after: 85.4 MB.

Unloading 21 unused Assets to reduce memory usage. Loaded Objects now: 2270.
Total: 2.314800 ms (FindLiveObjects: 0.352700 ms CreateObjectMapping: 0.134100 ms MarkObjects: 1.738400 ms  DeleteObjects: 0.088200 ms)

========================================================================
Received Import Request.
  path: Assets/Scripts/playerMovement.cs
  artifactKey: Guid(7f80a13a7ec341643a99244ab9fc866b) Importer(815301076,1909f56bfc062723c751e8b465ee728b)
Start importing Assets/Scripts/playerMovement.cs using Guid(7f80a13a7ec341643a99244ab9fc866b) Importer(815301076,1909f56bfc062723c751e8b465ee728b)  -> (artifact id: 'a6901c53e4bfe6d3f19bd1e72b3f6c25') in 0.035487 seconds
  Import took 0.038817 seconds .

========================================================================
Received Prepare
Refreshing native plugins compatible for Editor in 3.66 ms, found 1 plugins.
Preloading 0 native plugins for Editor in 0.00 ms.
Unloading 7 Unused Serialized files (Serialized files now loaded: 0)
System memory in use before: 49.1 MB.
System memory in use after: 49.1 MB.

Unloading 7 unused Assets to reduce memory usage. Loaded Objects now: 2270.
Total: 3.709400 ms (FindLiveObjects: 0.420500 ms CreateObjectMapping: 0.140300 ms MarkObjects: 3.039700 ms  DeleteObjects: 0.106000 ms)

========================================================================
Received Import Request.
  Time since last request: 17.887106 seconds.
  path: Assets/Scripts/Player.cs
  artifactKey: Guid(c562ca8f16e8e6445975e2cc9e993da6) Importer(815301076,1909f56bfc062723c751e8b465ee728b)
Start importing Assets/Scripts/Player.cs using Guid(c562ca8f16e8e6445975e2cc9e993da6) Importer(815301076,1909f56bfc062723c751e8b465ee728b)  -> (artifact id: '432b8410f42d309b2e91d3ad8c0bfeed') in 0.007756 seconds
  Import took 0.010623 seconds .

========================================================================
Received Import Request.
  Time since last request: 15.113863 seconds.
  path: Assets/Scenes/Level1 Cave.unity
  artifactKey: Guid(53602a5cbe66129419ef3d67e3c44f8e) Importer(815301076,1909f56bfc062723c751e8b465ee728b)
Start importing Assets/Scenes/Level1 Cave.unity using Guid(53602a5cbe66129419ef3d67e3c44f8e) Importer(815301076,1909f56bfc062723c751e8b465ee728b)  -> (artifact id: '9827280fe115576689432585773d7542') in 0.014747 seconds
  Import took 0.017910 seconds .

========================================================================
Received Import Request.
  Time since last request: 16.785963 seconds.
  path: Assets/Scenes/Level1.unity
  artifactKey: Guid(2cda990e2423bbf4892e6590ba056729) Importer(815301076,1909f56bfc062723c751e8b465ee728b)
Start importing Assets/Scenes/Level1.unity using Guid(2cda990e2423bbf4892e6590ba056729) Importer(815301076,1909f56bfc062723c751e8b465ee728b)  -> (artifact id: '9354041a22b86843ed83c6a870b88e1f') in 0.007731 seconds
  Import took 0.010927 seconds .

========================================================================
Received Import Request.
  Time since last request: 0.000589 seconds.
  path: Assets/Scenes/Level1.unity
  artifactKey: Guid(2cda990e2423bbf4892e6590ba056729) Importer(815301076,1909f56bfc062723c751e8b465ee728b)
Start importing Assets/Scenes/Level1.unity using Guid(2cda990e2423bbf4892e6590ba056729) Importer(815301076,1909f56bfc062723c751e8b465ee728b)  -> (artifact id: '9354041a22b86843ed83c6a870b88e1f') in 0.003410 seconds
  Import took 0.006147 seconds .

========================================================================
Received Prepare
Registering precompiled user dll's ...
Registered in 0.001750 seconds.
Begin MonoManager ReloadAssembly
Native extension for WindowsStandalone target not found
Refreshing native plugins compatible for Editor in 0.34 ms, found 1 plugins.
Preloading 0 native plugins for Editor in 0.00 ms.
Invoked RoslynAnalysisRunner static constructor.
RoslynAnalysisRunner will not be running.
RoslynAnalysisRunner has terminated.
Mono: successfully reloaded assembly
- Completed reload, in  1.031 seconds
Platform modules already initialized, skipping
Refreshing native plugins compatible for Editor in 0.36 ms, found 1 plugins.
Preloading 0 native plugins for Editor in 0.00 ms.
Unloading 1815 Unused Serialized files (Serialized files now loaded: 0)
System memory in use before: 85.0 MB.
System memory in use after: 85.1 MB.

Unloading 9 unused Assets to reduce memory usage. Loaded Objects now: 2274.
Total: 1.908200 ms (FindLiveObjects: 0.181200 ms CreateObjectMapping: 0.061100 ms MarkObjects: 1.610700 ms  DeleteObjects: 0.054300 ms)

========================================================================
Received Prepare
Registering precompiled user dll's ...
Registered in 0.001857 seconds.
Begin MonoManager ReloadAssembly
Native extension for WindowsStandalone target not found
Refreshing native plugins compatible for Editor in 0.35 ms, found 1 plugins.
Preloading 0 native plugins for Editor in 0.00 ms.
Invoked RoslynAnalysisRunner static constructor.
RoslynAnalysisRunner will not be running.
RoslynAnalysisRunner has terminated.
Mono: successfully reloaded assembly
- Completed reload, in  0.843 seconds
Platform modules already initialized, skipping
Refreshing native plugins compatible for Editor in 0.38 ms, found 1 plugins.
Preloading 0 native plugins for Editor in 0.00 ms.
Unloading 1815 Unused Serialized files (Serialized files now loaded: 0)
System memory in use before: 85.1 MB.
System memory in use after: 85.1 MB.

Unloading 9 unused Assets to reduce memory usage. Loaded Objects now: 2278.
Total: 2.023100 ms (FindLiveObjects: 0.183700 ms CreateObjectMapping: 0.090900 ms MarkObjects: 1.682600 ms  DeleteObjects: 0.064700 ms)

========================================================================
Received Import Request.
  Time since last request: 894.642413 seconds.
  path: Assets/Tile palletes/01-colorful.png
  artifactKey: Guid(c3353091ac94e7d419a7b4a2f6908131) Importer(815301076,1909f56bfc062723c751e8b465ee728b)
Start importing Assets/Tile palletes/01-colorful.png using Guid(c3353091ac94e7d419a7b4a2f6908131) Importer(815301076,1909f56bfc062723c751e8b465ee728b)  -> (artifact id: 'd1142e1107193862010d2a2c204139fb') in 0.130736 seconds
  Import took 0.134032 seconds .

========================================================================
Received Import Request.
  Time since last request: 0.000288 seconds.
  path: Assets/Tile palletes/MasterSimple_104.asset
  artifactKey: Guid(63761c2655c3d23458d9b31bc2b88844) Importer(815301076,1909f56bfc062723c751e8b465ee728b)
Start importing Assets/Tile palletes/MasterSimple_104.asset using Guid(63761c2655c3d23458d9b31bc2b88844) Importer(815301076,1909f56bfc062723c751e8b465ee728b)  -> (artifact id: '14b2334fe400ceacd06819212db8ddc4') in 0.030172 seconds
  Import took 0.033466 seconds .

========================================================================
Received Import Request.
  Time since last request: 0.000244 seconds.
  path: Assets/Tile palletes/MasterSimple_92.asset
  artifactKey: Guid(d9faa0e7cb329e54da308ccc17c8695e) Importer(815301076,1909f56bfc062723c751e8b465ee728b)
Start importing Assets/Tile palletes/MasterSimple_92.asset using Guid(d9faa0e7cb329e54da308ccc17c8695e) Importer(815301076,1909f56bfc062723c751e8b465ee728b)  -> (artifact id: '9b50d735bd69a9ca4777b5458151ebf7') in 0.013219 seconds
  Import took 0.016094 seconds .

========================================================================
Received Import Request.
  Time since last request: 0.000271 seconds.
  path: Assets/Tile palletes/MasterSimple_60.asset
  artifactKey: Guid(77ff0a9c1edfa8246920abca34b77dd7) Importer(815301076,1909f56bfc062723c751e8b465ee728b)
Start importing Assets/Tile palletes/MasterSimple_60.asset using Guid(77ff0a9c1edfa8246920abca34b77dd7) Importer(815301076,1909f56bfc062723c751e8b465ee728b)  -> (artifact id: 'df98e7acfc984c7c32b3efac5510f7bb') in 0.026279 seconds
  Import took 0.029655 seconds .

========================================================================
Received Import Request.
  Time since last request: 0.000358 seconds.
  path: Assets/Tile palletes/MasterSimple_114.asset
  artifactKey: Guid(0b6b75047de6e7645baa23243c34850e) Importer(815301076,1909f56bfc062723c751e8b465ee728b)
Start importing Assets/Tile palletes/MasterSimple_114.asset using Guid(0b6b75047de6e7645baa23243c34850e) Importer(815301076,1909f56bfc062723c751e8b465ee728b)  -> (artifact id: '19b34acd13c933ac323d68e730b99275') in 0.019254 seconds
  Import took 0.024091 seconds .

========================================================================
Received Import Request.
  Time since last request: 0.000342 seconds.
  path: Assets/Tile palletes/MasterSimple_101.asset
  artifactKey: Guid(04073a8ea24810b4e89d1b5851ea6499) Importer(815301076,1909f56bfc062723c751e8b465ee728b)
Start importing Assets/Tile palletes/MasterSimple_101.asset using Guid(04073a8ea24810b4e89d1b5851ea6499) Importer(815301076,1909f56bfc062723c751e8b465ee728b)  -> (artifact id: '13fbd184bc25833f1066b0779523a0b2') in 0.028911 seconds
  Import took 0.032519 seconds .

========================================================================
Received Import Request.
  Time since last request: 0.000304 seconds.
  path: Assets/Tile palletes/MasterSimple_18.asset
  artifactKey: Guid(035cae3daf4716b43913367248015d2b) Importer(815301076,1909f56bfc062723c751e8b465ee728b)
Start importing Assets/Tile palletes/MasterSimple_18.asset using Guid(035cae3daf4716b43913367248015d2b) Importer(815301076,1909f56bfc062723c751e8b465ee728b)  -> (artifact id: 'a452ffe8e1af3c5029d941353d24fc17') in 0.024014 seconds
  Import took 0.027377 seconds .

========================================================================
Received Import Request.
  Time since last request: 0.000365 seconds.
  path: Assets/Tile palletes/MasterSimple_51.asset
  artifactKey: Guid(6ca1e863cb23d8c49a0a88990f77751c) Importer(815301076,1909f56bfc062723c751e8b465ee728b)
Start importing Assets/Tile palletes/MasterSimple_51.asset using Guid(6ca1e863cb23d8c49a0a88990f77751c) Importer(815301076,1909f56bfc062723c751e8b465ee728b)  -> (artifact id: '32ba549d5dc1e6c1182a86f00ce38ee5') in 0.029780 seconds
  Import took 0.034083 seconds .

========================================================================
Received Import Request.
  Time since last request: 0.000461 seconds.
  path: Assets/Tile palletes/MasterSimple_28.asset
  artifactKey: Guid(8c5fd6f09f3ac784da154f0ecc5ac321) Importer(815301076,1909f56bfc062723c751e8b465ee728b)
Start importing Assets/Tile palletes/MasterSimple_28.asset using Guid(8c5fd6f09f3ac784da154f0ecc5ac321) Importer(815301076,1909f56bfc062723c751e8b465ee728b)  -> (artifact id: '78924d041c98686f142244aabb306985') in 0.013787 seconds
  Import took 0.017578 seconds .

========================================================================
Received Import Request.
  Time since last request: 0.000276 seconds.
  path: Assets/Tile palletes/MasterSimple_94.asset
  artifactKey: Guid(40b4d3f2ecd52684294c73b55e6c879e) Importer(815301076,1909f56bfc062723c751e8b465ee728b)
Start importing Assets/Tile palletes/MasterSimple_94.asset using Guid(40b4d3f2ecd52684294c73b55e6c879e) Importer(815301076,1909f56bfc062723c751e8b465ee728b)  -> (artifact id: 'd2a326b772d2ca0deedc61ff48cdaa8e') in 0.011790 seconds
  Import took 0.014753 seconds .

========================================================================
Received Import Request.
  Time since last request: 0.000289 seconds.
  path: Assets/Tile palletes/MasterSimple_99.asset
  artifactKey: Guid(58cca993af08f314f8452e359b272043) Importer(815301076,1909f56bfc062723c751e8b465ee728b)
Start importing Assets/Tile palletes/MasterSimple_99.asset using Guid(58cca993af08f314f8452e359b272043) Importer(815301076,1909f56bfc062723c751e8b465ee728b)  -> (artifact id: '8f2b28e0e15ef74d79ebdf744a24c114') in 0.012956 seconds
  Import took 0.016169 seconds .

========================================================================
Received Import Request.
  Time since last request: 0.000303 seconds.
  path: Assets/Tile palletes/MasterSimple_102.asset
  artifactKey: Guid(ff36a699b802fd644b557d136c9a182f) Importer(815301076,1909f56bfc062723c751e8b465ee728b)
Start importing Assets/Tile palletes/MasterSimple_102.asset using Guid(ff36a699b802fd644b557d136c9a182f) Importer(815301076,1909f56bfc062723c751e8b465ee728b)  -> (artifact id: '914638270391f1d57f4a383f5bcb87fc') in 0.011601 seconds
  Import took 0.014385 seconds .

========================================================================
Received Import Request.
  Time since last request: 0.000241 seconds.
  path: Assets/Tile palletes/MasterSimple_44.asset
  artifactKey: Guid(965716b7129ad614f831551a55df5470) Importer(815301076,1909f56bfc062723c751e8b465ee728b)
Start importing Assets/Tile palletes/MasterSimple_44.asset using Guid(965716b7129ad614f831551a55df5470) Importer(815301076,1909f56bfc062723c751e8b465ee728b)  -> (artifact id: '5fbd90dbd916c3339f80b9710b29e0d1') in 0.011039 seconds
  Import took 0.013725 seconds .

========================================================================
Received Import Request.
  Time since last request: 0.000259 seconds.
  path: Assets/Tile palletes/MasterSimple_115.asset
  artifactKey: Guid(aecde510f4e36354795262dacff4173d) Importer(815301076,1909f56bfc062723c751e8b465ee728b)
Start importing Assets/Tile palletes/MasterSimple_115.asset using Guid(aecde510f4e36354795262dacff4173d) Importer(815301076,1909f56bfc062723c751e8b465ee728b)  -> (artifact id: 'cc60bfe173fafceff1675946ce8ffbc7') in 0.012830 seconds
  Import took 0.015570 seconds .

========================================================================
Received Import Request.
  Time since last request: 0.000280 seconds.
  path: Assets/Tile palletes/MasterSimple_59.asset
  artifactKey: Guid(b8ff9ba3d565e4244a3da2183c379b44) Importer(815301076,1909f56bfc062723c751e8b465ee728b)
Start importing Assets/Tile palletes/MasterSimple_59.asset using Guid(b8ff9ba3d565e4244a3da2183c379b44) Importer(815301076,1909f56bfc062723c751e8b465ee728b)  -> (artifact id: '900bae4fdc654ac1da01a33c142e242e') in 0.011540 seconds
  Import took 0.015005 seconds .

========================================================================
Received Import Request.
  Time since last request: 0.000298 seconds.
  path: Assets/Tile palletes/MasterSimple_45.asset
  artifactKey: Guid(869ba95c2910fc14f9b551f81e8ed53d) Importer(815301076,1909f56bfc062723c751e8b465ee728b)
Start importing Assets/Tile palletes/MasterSimple_45.asset using Guid(869ba95c2910fc14f9b551f81e8ed53d) Importer(815301076,1909f56bfc062723c751e8b465ee728b)  -> (artifact id: 'c011568e8937537bfff9b0c32e75c868') in 0.011474 seconds
  Import took 0.014131 seconds .

========================================================================
Received Import Request.
  Time since last request: 0.000241 seconds.
  path: Assets/Tile palletes/MasterSimple_7.asset
  artifactKey: Guid(a0299ba4e43ee484399c10408feb2323) Importer(815301076,1909f56bfc062723c751e8b465ee728b)
Start importing Assets/Tile palletes/MasterSimple_7.asset using Guid(a0299ba4e43ee484399c10408feb2323) Importer(815301076,1909f56bfc062723c751e8b465ee728b)  -> (artifact id: 'f24d457f4cd89a49b386e239ab86980a') in 0.011239 seconds
  Import took 0.013926 seconds .

========================================================================
Received Import Request.
  Time since last request: 0.000285 seconds.
  path: Assets/Tile palletes/MasterSimple_19.asset
  artifactKey: Guid(72cc72bad3c3eb14c89c3b8fce2c8896) Importer(815301076,1909f56bfc062723c751e8b465ee728b)
Start importing Assets/Tile palletes/MasterSimple_19.asset using Guid(72cc72bad3c3eb14c89c3b8fce2c8896) Importer(815301076,1909f56bfc062723c751e8b465ee728b)  -> (artifact id: 'a3409a6a2c19279f0eff8a79ecb1badb') in 0.014651 seconds
  Import took 0.017806 seconds .

========================================================================
Received Import Request.
  Time since last request: 0.000252 seconds.
  path: Assets/Tile palletes/MasterSimple_14.asset
  artifactKey: Guid(3cecd050cf31fec4a9b5db687a548824) Importer(815301076,1909f56bfc062723c751e8b465ee728b)
Start importing Assets/Tile palletes/MasterSimple_14.asset using Guid(3cecd050cf31fec4a9b5db687a548824) Importer(815301076,1909f56bfc062723c751e8b465ee728b)  -> (artifact id: '22368008e76c00ec48397625ece8cc61') in 0.016525 seconds
  Import took 0.019428 seconds .

========================================================================
Received Import Request.
  Time since last request: 0.000311 seconds.
  path: Assets/Tile palletes/MasterSimple_63.asset
  artifactKey: Guid(4e4adf301ee56f34bbc32dc2c1fd088b) Importer(815301076,1909f56bfc062723c751e8b465ee728b)
Start importing Assets/Tile palletes/MasterSimple_63.asset using Guid(4e4adf301ee56f34bbc32dc2c1fd088b) Importer(815301076,1909f56bfc062723c751e8b465ee728b)  -> (artifact id: '25e27a1cd8d9d16c1bd9eef7d1a6ccbc') in 0.013149 seconds
  Import took 0.016208 seconds .

========================================================================
Received Import Request.
  Time since last request: 0.000239 seconds.
  path: Assets/Tile palletes/MasterSimple_84.asset
  artifactKey: Guid(3abb5fa1f0b24c0408e6ec09f026b813) Importer(815301076,1909f56bfc062723c751e8b465ee728b)
Start importing Assets/Tile palletes/MasterSimple_84.asset using Guid(3abb5fa1f0b24c0408e6ec09f026b813) Importer(815301076,1909f56bfc062723c751e8b465ee728b)  -> (artifact id: 'e13421728d21cb3be07756b8f6a9e3a5') in 0.010951 seconds
  Import took 0.013821 seconds .

========================================================================
Received Import Request.
  Time since last request: 0.000354 seconds.
  path: Assets/Tile palletes/MasterSimple_110.asset
  artifactKey: Guid(92cc56a40a2c5dc43a798c00657de04f) Importer(815301076,1909f56bfc062723c751e8b465ee728b)
Start importing Assets/Tile palletes/MasterSimple_110.asset using Guid(92cc56a40a2c5dc43a798c00657de04f) Importer(815301076,1909f56bfc062723c751e8b465ee728b)  -> (artifact id: 'ffb40ed60f03aca4d6782469da5fd9e1') in 0.022377 seconds
  Import took 0.025135 seconds .

========================================================================
Received Import Request.
  Time since last request: 0.000238 seconds.
  path: Assets/Tile palletes/MasterSimple_74.asset
  artifactKey: Guid(278a839bd4882f34aa79fefbb41ec009) Importer(815301076,1909f56bfc062723c751e8b465ee728b)
Start importing Assets/Tile palletes/MasterSimple_74.asset using Guid(278a839bd4882f34aa79fefbb41ec009) Importer(815301076,1909f56bfc062723c751e8b465ee728b)  -> (artifact id: '2b27451cdb28871e10915916b71a66fa') in 0.013650 seconds
  Import took 0.016554 seconds .

========================================================================
Received Import Request.
  Time since last request: 0.000311 seconds.
  path: Assets/Tile palletes/MasterSimple_49.asset
  artifactKey: Guid(6bd963548cfafc44bad8493c9f6f5d25) Importer(815301076,1909f56bfc062723c751e8b465ee728b)
Start importing Assets/Tile palletes/MasterSimple_49.asset using Guid(6bd963548cfafc44bad8493c9f6f5d25) Importer(815301076,1909f56bfc062723c751e8b465ee728b)  -> (artifact id: '52a7cf142fa78ccf89e07cd5f5f540a8') in 0.013718 seconds
  Import took 0.017378 seconds .

========================================================================
Received Import Request.
  Time since last request: 0.000284 seconds.
  path: Assets/Tile palletes/MasterSimple_58.asset
  artifactKey: Guid(8b4faebf813992448908ab6b364df5f9) Importer(815301076,1909f56bfc062723c751e8b465ee728b)
Start importing Assets/Tile palletes/MasterSimple_58.asset using Guid(8b4faebf813992448908ab6b364df5f9) Importer(815301076,1909f56bfc062723c751e8b465ee728b)  -> (artifact id: '19bd607d047af3fd996b5d24f5b54276') in 0.012434 seconds
  Import took 0.015206 seconds .

========================================================================
Received Import Request.
  Time since last request: 0.000255 seconds.
  path: Assets/Tile palletes/MasterSimple_86.asset
  artifactKey: Guid(7800984a72e325e46abb187bb74655fe) Importer(815301076,1909f56bfc062723c751e8b465ee728b)
Start importing Assets/Tile palletes/MasterSimple_86.asset using Guid(7800984a72e325e46abb187bb74655fe) Importer(815301076,1909f56bfc062723c751e8b465ee728b)  -> (artifact id: '16f725d7e5d699fe95e529b35eaec091') in 0.014113 seconds
  Import took 0.016829 seconds .

========================================================================
Received Import Request.
  Time since last request: 0.000219 seconds.
  path: Assets/Tile palletes/MasterSimple_121.asset
  artifactKey: Guid(9bedf2e8d4d72844cb8ae1528d897c9b) Importer(815301076,1909f56bfc062723c751e8b465ee728b)
Start importing Assets/Tile palletes/MasterSimple_121.asset using Guid(9bedf2e8d4d72844cb8ae1528d897c9b) Importer(815301076,1909f56bfc062723c751e8b465ee728b)  -> (artifact id: '18ba55c5a896d605a8553a328db3d7d0') in 0.014164 seconds
  Import took 0.016934 seconds .

========================================================================
Received Import Request.
  Time since last request: 0.000264 seconds.
  path: Assets/Tile palletes/MasterSimple_33.asset
  artifactKey: Guid(27e447ae2d294b94b9e363625c7a26fa) Importer(815301076,1909f56bfc062723c751e8b465ee728b)
Start importing Assets/Tile palletes/MasterSimple_33.asset using Guid(27e447ae2d294b94b9e363625c7a26fa) Importer(815301076,1909f56bfc062723c751e8b465ee728b)  -> (artifact id: '514bad87561cfa82eef2879498150c3b') in 0.011010 seconds
  Import took 0.013874 seconds .

========================================================================
Received Import Request.
  Time since last request: 0.000239 seconds.
  path: Assets/Tile palletes/MasterSimple_4.asset
  artifactKey: Guid(efa56e99aff49204e838cbb051458622) Importer(815301076,1909f56bfc062723c751e8b465ee728b)
Start importing Assets/Tile palletes/MasterSimple_4.asset using Guid(efa56e99aff49204e838cbb051458622) Importer(815301076,1909f56bfc062723c751e8b465ee728b)  -> (artifact id: 'a0a636ec9165fb2ac16923d22505f8b7') in 0.011446 seconds
  Import took 0.014155 seconds .

========================================================================
Received Import Request.
  Time since last request: 0.000318 seconds.
  path: Assets/Tile palletes/MasterSimple_71.asset
  artifactKey: Guid(c4a25d755f1265e4d99252cd6e68443e) Importer(815301076,1909f56bfc062723c751e8b465ee728b)
Start importing Assets/Tile palletes/MasterSimple_71.asset using Guid(c4a25d755f1265e4d99252cd6e68443e) Importer(815301076,1909f56bfc062723c751e8b465ee728b)  -> (artifact id: 'd77b8b4ab880d535ee34b6259286612e') in 0.016869 seconds
  Import took 0.019650 seconds .

========================================================================
Received Import Request.
  Time since last request: 0.000314 seconds.
  path: Assets/Tile palletes/MasterSimple_111.asset
  artifactKey: Guid(113df63d4af92594e94404835022f13a) Importer(815301076,1909f56bfc062723c751e8b465ee728b)
Start importing Assets/Tile palletes/MasterSimple_111.asset using Guid(113df63d4af92594e94404835022f13a) Importer(815301076,1909f56bfc062723c751e8b465ee728b)  -> (artifact id: '336c1afcb20cfb41f89ccb0b9195809e') in 0.014332 seconds
  Import took 0.017244 seconds .

========================================================================
Received Import Request.
  Time since last request: 0.000280 seconds.
  path: Assets/Tile palletes/MasterSimple_65.asset
  artifactKey: Guid(fd9f61e2120af954998728edb3614a0c) Importer(815301076,1909f56bfc062723c751e8b465ee728b)
Start importing Assets/Tile palletes/MasterSimple_65.asset using Guid(fd9f61e2120af954998728edb3614a0c) Importer(815301076,1909f56bfc062723c751e8b465ee728b)  -> (artifact id: '0d65feb506ed4c5db44e47716098473d') in 0.014824 seconds
  Import took 0.017905 seconds .

========================================================================
Received Import Request.
  Time since last request: 0.000274 seconds.
  path: Assets/Tile palletes/MasterSimple_113.asset
  artifactKey: Guid(ed6214009a208c448a8cabdf0f1de61b) Importer(815301076,1909f56bfc062723c751e8b465ee728b)
Start importing Assets/Tile palletes/MasterSimple_113.asset using Guid(ed6214009a208c448a8cabdf0f1de61b) Importer(815301076,1909f56bfc062723c751e8b465ee728b)  -> (artifact id: '41721a61dc1009612f1ebbdda6e6fe8c') in 0.015402 seconds
  Import took 0.020088 seconds .

========================================================================
Received Import Request.
  Time since last request: 0.000252 seconds.
  path: Assets/Tile palletes/MasterSimple_64.asset
  artifactKey: Guid(032dd0d7297cf4949b8aee3adcc32f45) Importer(815301076,1909f56bfc062723c751e8b465ee728b)
Start importing Assets/Tile palletes/MasterSimple_64.asset using Guid(032dd0d7297cf4949b8aee3adcc32f45) Importer(815301076,1909f56bfc062723c751e8b465ee728b)  -> (artifact id: 'f5fe8fd32823a136b3b4ec06e6fac767') in 0.016273 seconds
  Import took 0.020250 seconds .

========================================================================
Received Import Request.
  Time since last request: 0.000381 seconds.
  path: Assets/Tile palletes/MasterSimple_87.asset
  artifactKey: Guid(abc8fed2f0f44614ebc234e62ee193b1) Importer(815301076,1909f56bfc062723c751e8b465ee728b)
Start importing Assets/Tile palletes/MasterSimple_87.asset using Guid(abc8fed2f0f44614ebc234e62ee193b1) Importer(815301076,1909f56bfc062723c751e8b465ee728b)  -> (artifact id: '924e4b971765c329589bb11e91c5f7b3') in 0.014467 seconds
  Import took 0.018110 seconds .

========================================================================
Received Import Request.
  Time since last request: 0.000244 seconds.
  path: Assets/Tile palletes/MasterSimple_13.asset
  artifactKey: Guid(31389a1b2c163cd41b719af9617ecf10) Importer(815301076,1909f56bfc062723c751e8b465ee728b)
Start importing Assets/Tile palletes/MasterSimple_13.asset using Guid(31389a1b2c163cd41b719af9617ecf10) Importer(815301076,1909f56bfc062723c751e8b465ee728b)  -> (artifact id: '4a212e3c6c3b15808a74e36eaf7092e6') in 0.015008 seconds
  Import took 0.018981 seconds .

========================================================================
Received Import Request.
  Time since last request: 0.000218 seconds.
  path: Assets/Tile palletes/MasterSimple_1.asset
  artifactKey: Guid(da33d90d183c16c498a99984795ef340) Importer(815301076,1909f56bfc062723c751e8b465ee728b)
Start importing Assets/Tile palletes/MasterSimple_1.asset using Guid(da33d90d183c16c498a99984795ef340) Importer(815301076,1909f56bfc062723c751e8b465ee728b)  -> (artifact id: 'd32bcb2b98ba8cd1b40ede8d2b0eca0f') in 0.014460 seconds
  Import took 0.017235 seconds .

========================================================================
Received Import Request.
  Time since last request: 0.000259 seconds.
  path: Assets/Tile palletes/MasterSimple_15.asset
  artifactKey: Guid(62bf5b6b6b530d443933e2c04af273f5) Importer(815301076,1909f56bfc062723c751e8b465ee728b)
Start importing Assets/Tile palletes/MasterSimple_15.asset using Guid(62bf5b6b6b530d443933e2c04af273f5) Importer(815301076,1909f56bfc062723c751e8b465ee728b)  -> (artifact id: '470c94da655e19fe8ca168d272a27b09') in 0.013850 seconds
  Import took 0.016939 seconds .

========================================================================
Received Import Request.
  Time since last request: 0.000220 seconds.
  path: Assets/Tile palletes/MasterSimple_34.asset
  artifactKey: Guid(343f2da5d1632a5469843da12a452104) Importer(815301076,1909f56bfc062723c751e8b465ee728b)
Start importing Assets/Tile palletes/MasterSimple_34.asset using Guid(343f2da5d1632a5469843da12a452104) Importer(815301076,1909f56bfc062723c751e8b465ee728b)  -> (artifact id: '81410af07b9948025c6794b63ff89190') in 0.011547 seconds
  Import took 0.014143 seconds .

========================================================================
Received Import Request.
  Time since last request: 0.000189 seconds.
  path: Assets/Tile palletes/MasterSimple_68.asset
  artifactKey: Guid(d4639b853a831764ab4e214cf1488db3) Importer(815301076,1909f56bfc062723c751e8b465ee728b)
Start importing Assets/Tile palletes/MasterSimple_68.asset using Guid(d4639b853a831764ab4e214cf1488db3) Importer(815301076,1909f56bfc062723c751e8b465ee728b)  -> (artifact id: 'e52b04c237d746c4657c22769d684582') in 0.010804 seconds
  Import took 0.013435 seconds .

========================================================================
Received Import Request.
  Time since last request: 0.000245 seconds.
  path: Assets/Tile palletes/MasterSimple_100.asset
  artifactKey: Guid(55d23be3bc5106147b9d953d44ca5360) Importer(815301076,1909f56bfc062723c751e8b465ee728b)
Start importing Assets/Tile palletes/MasterSimple_100.asset using Guid(55d23be3bc5106147b9d953d44ca5360) Importer(815301076,1909f56bfc062723c751e8b465ee728b)  -> (artifact id: 'f8e19ac1f4d28f1f8c3d7a383c893978') in 0.011611 seconds
  Import took 0.014517 seconds .

========================================================================
Received Import Request.
  Time since last request: 0.000224 seconds.
  path: Assets/Tile palletes/MasterSimple_3.asset
  artifactKey: Guid(0711d3b36d519a84fb11f380a8470483) Importer(815301076,1909f56bfc062723c751e8b465ee728b)
Start importing Assets/Tile palletes/MasterSimple_3.asset using Guid(0711d3b36d519a84fb11f380a8470483) Importer(815301076,1909f56bfc062723c751e8b465ee728b)  -> (artifact id: 'bdc2b187c2cf3480b5181d2c4edf6a4c') in 0.011790 seconds
  Import took 0.014735 seconds .

========================================================================
Received Import Request.
  Time since last request: 0.000262 seconds.
  path: Assets/Tile palletes/MasterSimple_0.asset
  artifactKey: Guid(cc2e8f611f5dba84d9aeaf6fc79dc5ae) Importer(815301076,1909f56bfc062723c751e8b465ee728b)
Start importing Assets/Tile palletes/MasterSimple_0.asset using Guid(cc2e8f611f5dba84d9aeaf6fc79dc5ae) Importer(815301076,1909f56bfc062723c751e8b465ee728b)  -> (artifact id: 'a6cf7c5469ff780b676c8d71642e3cb5') in 0.010621 seconds
  Import took 0.013412 seconds .

========================================================================
Received Import Request.
  Time since last request: 0.000221 seconds.
  path: Assets/Tile palletes/MasterSimple_50.asset
  artifactKey: Guid(9345b5e4ea383184ca8d22fe40ec15cd) Importer(815301076,1909f56bfc062723c751e8b465ee728b)
Start importing Assets/Tile palletes/MasterSimple_50.asset using Guid(9345b5e4ea383184ca8d22fe40ec15cd) Importer(815301076,1909f56bfc062723c751e8b465ee728b)  -> (artifact id: '8def50383cae9e4581b3b3a32b5549b2') in 0.015171 seconds
  Import took 0.018951 seconds .

========================================================================
Received Import Request.
  Time since last request: 0.000279 seconds.
  path: Assets/Tile palletes/MasterSimple_85.asset
  artifactKey: Guid(fff2df3389adef54f8dec32454800000) Importer(815301076,1909f56bfc062723c751e8b465ee728b)
Start importing Assets/Tile palletes/MasterSimple_85.asset using Guid(fff2df3389adef54f8dec32454800000) Importer(815301076,1909f56bfc062723c751e8b465ee728b)  -> (artifact id: 'bb2689781ec209c6d04b992a0fc5b1a7') in 0.011796 seconds
  Import took 0.014745 seconds .

========================================================================
Received Import Request.
  Time since last request: 0.000241 seconds.
  path: Assets/Tile palletes/MasterSimple_62.asset
  artifactKey: Guid(962f8cce7dd2e69428e8f7e3b7678add) Importer(815301076,1909f56bfc062723c751e8b465ee728b)
Start importing Assets/Tile palletes/MasterSimple_62.asset using Guid(962f8cce7dd2e69428e8f7e3b7678add) Importer(815301076,1909f56bfc062723c751e8b465ee728b)  -> (artifact id: '103ff73fa623d661c9817726a1cc2ecb') in 0.011043 seconds
  Import took 0.013875 seconds .

========================================================================
Received Import Request.
  Time since last request: 0.000251 seconds.
  path: Assets/Tile palletes/MasterSimple_35.asset
  artifactKey: Guid(d508ef2d7b4b9214b806caebd12d198f) Importer(815301076,1909f56bfc062723c751e8b465ee728b)
Start importing Assets/Tile palletes/MasterSimple_35.asset using Guid(d508ef2d7b4b9214b806caebd12d198f) Importer(815301076,1909f56bfc062723c751e8b465ee728b)  -> (artifact id: 'ecdad0738deaa46693198c8010493113') in 0.013539 seconds
  Import took 0.018134 seconds .

========================================================================
Received Import Request.
  Time since last request: 0.000307 seconds.
  path: Assets/Tile palletes/MasterSimple_16.asset
  artifactKey: Guid(220e410d2c0b72544a41d8560ca07548) Importer(815301076,1909f56bfc062723c751e8b465ee728b)
Start importing Assets/Tile palletes/MasterSimple_16.asset using Guid(220e410d2c0b72544a41d8560ca07548) Importer(815301076,1909f56bfc062723c751e8b465ee728b)  -> (artifact id: '18567f6e853057666100c5794fbb11c5') in 0.013686 seconds
  Import took 0.017359 seconds .

========================================================================
Received Import Request.
  Time since last request: 0.000234 seconds.
  path: Assets/Tile palletes/MasterSimple_29.asset
  artifactKey: Guid(59f4ccb38d37e9649993ed050c750e4e) Importer(815301076,1909f56bfc062723c751e8b465ee728b)
Start importing Assets/Tile palletes/MasterSimple_29.asset using Guid(59f4ccb38d37e9649993ed050c750e4e) Importer(815301076,1909f56bfc062723c751e8b465ee728b)  -> (artifact id: 'd25e4c576015227f7a96b2db51270599') in 0.012101 seconds
  Import took 0.016185 seconds .

========================================================================
Received Import Request.
  Time since last request: 0.000234 seconds.
  path: Assets/Tile palletes/MasterSimple_17.asset
  artifactKey: Guid(520912fa2600a8f44a28b0c478b22801) Importer(815301076,1909f56bfc062723c751e8b465ee728b)
Start importing Assets/Tile palletes/MasterSimple_17.asset using Guid(520912fa2600a8f44a28b0c478b22801) Importer(815301076,1909f56bfc062723c751e8b465ee728b)  -> (artifact id: '056cbd10f0cc4fd225b75eff3abbdb3a') in 0.012530 seconds
  Import took 0.015298 seconds .

========================================================================
Received Import Request.
  Time since last request: 0.000225 seconds.
  path: Assets/Tile palletes/MasterSimple_61.asset
  artifactKey: Guid(a0dece209b7995f48aafcf43209708f6) Importer(815301076,1909f56bfc062723c751e8b465ee728b)
Start importing Assets/Tile palletes/MasterSimple_61.asset using Guid(a0dece209b7995f48aafcf43209708f6) Importer(815301076,1909f56bfc062723c751e8b465ee728b)  -> (artifact id: '305a49feea17b443145c670dbb33a198') in 0.014139 seconds
  Import took 0.016810 seconds .

========================================================================
Received Import Request.
  Time since last request: 0.000207 seconds.
  path: Assets/Tile palletes/MasterSimple_118.asset
  artifactKey: Guid(5725d6fafb3c0584e994ac0ab818d87d) Importer(815301076,1909f56bfc062723c751e8b465ee728b)
Start importing Assets/Tile palletes/MasterSimple_118.asset using Guid(5725d6fafb3c0584e994ac0ab818d87d) Importer(815301076,1909f56bfc062723c751e8b465ee728b)  -> (artifact id: '290cc0ae4a32469ab774859a3d1496e3') in 0.011187 seconds
  Import took 0.014064 seconds .

========================================================================
Received Import Request.
  Time since last request: 0.000286 seconds.
  path: Assets/Tile palletes/MasterSimple_117.asset
  artifactKey: Guid(92d2f7b7161d8c04ab512813945704c5) Importer(815301076,1909f56bfc062723c751e8b465ee728b)
Start importing Assets/Tile palletes/MasterSimple_117.asset using Guid(92d2f7b7161d8c04ab512813945704c5) Importer(815301076,1909f56bfc062723c751e8b465ee728b)  -> (artifact id: 'fc9260be25e84241e1434749491c1b23') in 0.012456 seconds
  Import took 0.015653 seconds .

========================================================================
Received Import Request.
  Time since last request: 0.000256 seconds.
  path: Assets/Tile palletes/MasterSimple_32.asset
  artifactKey: Guid(95ad16e78c4b774449a750b8a7b10bdf) Importer(815301076,1909f56bfc062723c751e8b465ee728b)
Start importing Assets/Tile palletes/MasterSimple_32.asset using Guid(95ad16e78c4b774449a750b8a7b10bdf) Importer(815301076,1909f56bfc062723c751e8b465ee728b)  -> (artifact id: '80c54008e0aaa312188bedf891340796') in 0.011001 seconds
  Import took 0.013690 seconds .

========================================================================
Received Import Request.
  Time since last request: 0.000273 seconds.
  path: Assets/Tile palletes/MasterSimple_109.asset
  artifactKey: Guid(530e9132fafe0964a8ee622535ea4240) Importer(815301076,1909f56bfc062723c751e8b465ee728b)
Start importing Assets/Tile palletes/MasterSimple_109.asset using Guid(530e9132fafe0964a8ee622535ea4240) Importer(815301076,1909f56bfc062723c751e8b465ee728b)  -> (artifact id: '7f3338142e350848be9aa0df440ba72f') in 0.012562 seconds
  Import took 0.015757 seconds .

========================================================================
Received Import Request.
  Time since last request: 0.000260 seconds.
  path: Assets/Tile palletes/MasterSimple_116.asset
  artifactKey: Guid(32d1d57e5cd11d64a939480828b2ee6d) Importer(815301076,1909f56bfc062723c751e8b465ee728b)
Start importing Assets/Tile palletes/MasterSimple_116.asset using Guid(32d1d57e5cd11d64a939480828b2ee6d) Importer(815301076,1909f56bfc062723c751e8b465ee728b)  -> (artifact id: 'de54cae738eadc2756c9de5ff52f019b') in 0.012024 seconds
  Import took 0.014757 seconds .

========================================================================
Received Import Request.
  Time since last request: 0.000256 seconds.
  path: Assets/Tile palletes/MasterSimple_27.asset
  artifactKey: Guid(9f93121625af80e4f9d3126dfd588417) Importer(815301076,1909f56bfc062723c751e8b465ee728b)
Start importing Assets/Tile palletes/MasterSimple_27.asset using Guid(9f93121625af80e4f9d3126dfd588417) Importer(815301076,1909f56bfc062723c751e8b465ee728b)  -> (artifact id: 'baf6777a5f4257dbf4e576da0315c068') in 0.012664 seconds
  Import took 0.015476 seconds .

========================================================================
Received Import Request.
  Time since last request: 0.000232 seconds.
  path: Assets/Tile palletes/MasterSimple_2.asset
  artifactKey: Guid(495af969c4faaae48ba3a9452947859c) Importer(815301076,1909f56bfc062723c751e8b465ee728b)
Start importing Assets/Tile palletes/MasterSimple_2.asset using Guid(495af969c4faaae48ba3a9452947859c) Importer(815301076,1909f56bfc062723c751e8b465ee728b)  -> (artifact id: 'c3c5dfaed0247f4164e33f0ed2aaf5ce') in 0.011393 seconds
  Import took 0.014017 seconds .

========================================================================
Received Import Request.
  Time since last request: 0.000256 seconds.
  path: Assets/Tile palletes/MasterSimple_20.asset
  artifactKey: Guid(237f534020fa8e84d8a5ef35dc1efac2) Importer(815301076,1909f56bfc062723c751e8b465ee728b)
Start importing Assets/Tile palletes/MasterSimple_20.asset using Guid(237f534020fa8e84d8a5ef35dc1efac2) Importer(815301076,1909f56bfc062723c751e8b465ee728b)  -> (artifact id: '1eea7e307c5728f6c9f60791f3109172') in 0.013654 seconds
  Import took 0.017500 seconds .

========================================================================
Received Import Request.
  Time since last request: 0.000357 seconds.
  path: Assets/Tile palletes/MasterSimple_42.asset
  artifactKey: Guid(2d6a60d7d8507094b9aa0f2b995e6ecb) Importer(815301076,1909f56bfc062723c751e8b465ee728b)
Start importing Assets/Tile palletes/MasterSimple_42.asset using Guid(2d6a60d7d8507094b9aa0f2b995e6ecb) Importer(815301076,1909f56bfc062723c751e8b465ee728b)  -> (artifact id: '73781188e4c0987c85a8a3b3989627f8') in 0.013315 seconds
  Import took 0.016422 seconds .

========================================================================
Received Import Request.
  Time since last request: 0.000246 seconds.
  path: Assets/Tile palletes/Islands Palette.prefab
  artifactKey: Guid(b66a238f663acb241a4036998975220a) Importer(815301076,1909f56bfc062723c751e8b465ee728b)
Start importing Assets/Tile palletes/Islands Palette.prefab using Guid(b66a238f663acb241a4036998975220a) Importer(815301076,1909f56bfc062723c751e8b465ee728b)  -> (artifact id: '128126d3cbb218fc41c544d8bf691dbd') in 0.018942 seconds
  Import took 0.021912 seconds .

========================================================================
Received Import Request.
  Time since last request: 0.000233 seconds.
  path: Assets/Tile palletes/MasterSimple_43.asset
  artifactKey: Guid(eb4fa6d5fe1061e4eb3d8cd18f3f3921) Importer(815301076,1909f56bfc062723c751e8b465ee728b)
Start importing Assets/Tile palletes/MasterSimple_43.asset using Guid(eb4fa6d5fe1061e4eb3d8cd18f3f3921) Importer(815301076,1909f56bfc062723c751e8b465ee728b)  -> (artifact id: 'a0c799a31680d68fd77893ee7ef4632d') in 0.011078 seconds
  Import took 0.013727 seconds .

========================================================================
Received Import Request.
  Time since last request: 0.000208 seconds.
  path: Assets/Tile palletes/MasterSimple_5.asset
  artifactKey: Guid(f31194ae4785dbc42aaea60e5c50e495) Importer(815301076,1909f56bfc062723c751e8b465ee728b)
Start importing Assets/Tile palletes/MasterSimple_5.asset using Guid(f31194ae4785dbc42aaea60e5c50e495) Importer(815301076,1909f56bfc062723c751e8b465ee728b)  -> (artifact id: 'c70d07e3866cced187962f08c8958286') in 0.014227 seconds
  Import took 0.017023 seconds .

========================================================================
Received Import Request.
  Time since last request: 0.000251 seconds.
  path: Assets/Tile palletes/MasterSimple_30.asset
  artifactKey: Guid(1d8a218cd9793c84c9cb34e76c90a40f) Importer(815301076,1909f56bfc062723c751e8b465ee728b)
Start importing Assets/Tile palletes/MasterSimple_30.asset using Guid(1d8a218cd9793c84c9cb34e76c90a40f) Importer(815301076,1909f56bfc062723c751e8b465ee728b)  -> (artifact id: '05fe5a089a0c040b418dbe4a18966ba9') in 0.013760 seconds
  Import took 0.017067 seconds .

========================================================================
Received Import Request.
  Time since last request: 0.000291 seconds.
  path: Assets/Tile palletes/MasterSimple_67.asset
  artifactKey: Guid(aaefa7da0ddd86340bbfceb07ada80da) Importer(815301076,1909f56bfc062723c751e8b465ee728b)
Start importing Assets/Tile palletes/MasterSimple_67.asset using Guid(aaefa7da0ddd86340bbfceb07ada80da) Importer(815301076,1909f56bfc062723c751e8b465ee728b)  -> (artifact id: 'ee1d8d5e8c9498b4124ca7ffcc4404f1') in 0.013865 seconds
  Import took 0.016623 seconds .

========================================================================
Received Import Request.
  Time since last request: 0.000245 seconds.
  path: Assets/Tile palletes/MasterSimple_8.asset
  artifactKey: Guid(737134cfc3485a24fbc70345acf38913) Importer(815301076,1909f56bfc062723c751e8b465ee728b)
Start importing Assets/Tile palletes/MasterSimple_8.asset using Guid(737134cfc3485a24fbc70345acf38913) Importer(815301076,1909f56bfc062723c751e8b465ee728b)  -> (artifact id: '7e23ab87c6b7e99606dca212543f1ce1') in 0.013112 seconds
  Import took 0.016197 seconds .

========================================================================
Received Import Request.
  Time since last request: 0.000215 seconds.
  path: Assets/Tile palletes/MasterSimple_66.asset
  artifactKey: Guid(48c411a56ccdf14489cb7c7594654636) Importer(815301076,1909f56bfc062723c751e8b465ee728b)
Start importing Assets/Tile palletes/MasterSimple_66.asset using Guid(48c411a56ccdf14489cb7c7594654636) Importer(815301076,1909f56bfc062723c751e8b465ee728b)  -> (artifact id: 'da6b048e234be4c9e17ea7fdea4ef2d7') in 0.011514 seconds
  Import took 0.014156 seconds .

========================================================================
Received Import Request.
  Time since last request: 0.000296 seconds.
  path: Assets/Tile palletes/MasterSimple_31.asset
  artifactKey: Guid(959d1a3b919147c47b5063ec67482ec3) Importer(815301076,1909f56bfc062723c751e8b465ee728b)
Start importing Assets/Tile palletes/MasterSimple_31.asset using Guid(959d1a3b919147c47b5063ec67482ec3) Importer(815301076,1909f56bfc062723c751e8b465ee728b)  -> (artifact id: '8381ff9b50bf90e9e59ce7d65b38cf49') in 0.011858 seconds
  Import took 0.014989 seconds .

========================================================================
Received Import Request.
  Time since last request: 0.000294 seconds.
  path: Assets/Tile palletes/MasterSimple_12.asset
  artifactKey: Guid(bb4ddb8cd9d78584aa5ec048c4f8cb74) Importer(815301076,1909f56bfc062723c751e8b465ee728b)
Start importing Assets/Tile palletes/MasterSimple_12.asset using Guid(bb4ddb8cd9d78584aa5ec048c4f8cb74) Importer(815301076,1909f56bfc062723c751e8b465ee728b)  -> (artifact id: '696cb5f776712a9788024daa8a771c3c') in 0.012269 seconds
  Import took 0.015565 seconds .

========================================================================
Received Import Request.
  Time since last request: 0.000232 seconds.
  path: Assets/Tile palletes/MasterSimple_108.asset
  artifactKey: Guid(9154cbc169d58df4eb43aedcc439ed39) Importer(815301076,1909f56bfc062723c751e8b465ee728b)
Start importing Assets/Tile palletes/MasterSimple_108.asset using Guid(9154cbc169d58df4eb43aedcc439ed39) Importer(815301076,1909f56bfc062723c751e8b465ee728b)  -> (artifact id: '2b0e3061f7b3734ef5df702b313dfb29') in 0.012736 seconds
  Import took 0.016076 seconds .

========================================================================
Received Import Request.
  Time since last request: 0.000251 seconds.
  path: Assets/Tile palletes/MasterSimple_103.asset
  artifactKey: Guid(f24f8790058304c4d8931626bb1ef32e) Importer(815301076,1909f56bfc062723c751e8b465ee728b)
Start importing Assets/Tile palletes/MasterSimple_103.asset using Guid(f24f8790058304c4d8931626bb1ef32e) Importer(815301076,1909f56bfc062723c751e8b465ee728b)  -> (artifact id: '30937152e3f73a2f955e013ff719095e') in 0.012694 seconds
  Import took 0.015567 seconds .

========================================================================
Received Import Request.
  Time since last request: 2.387031 seconds.
  path: Assets/Resources/01-colorful.png
  artifactKey: Guid(7d2ef394c0c01144abddf80235e36e2b) Importer(815301076,1909f56bfc062723c751e8b465ee728b)
Start importing Assets/Resources/01-colorful.png using Guid(7d2ef394c0c01144abddf80235e36e2b) Importer(815301076,1909f56bfc062723c751e8b465ee728b)  -> (artifact id: '39a011e15ababc3d1e4f4df879f3145c') in 0.226148 seconds
  Import took 0.229734 seconds .

========================================================================
Received Import Request.
  Time since last request: 0.000285 seconds.
  path: Assets/Resources/06-conjurer.png
  artifactKey: Guid(533d221933b5692429ff036ff059cef7) Importer(815301076,1909f56bfc062723c751e8b465ee728b)
Start importing Assets/Resources/06-conjurer.png using Guid(533d221933b5692429ff036ff059cef7) Importer(815301076,1909f56bfc062723c751e8b465ee728b)  -> (artifact id: 'ce92920c7fcfdfa7888cf69c6ab1069a') in 0.166293 seconds
  Import took 0.169278 seconds .

========================================================================
Received Import Request.
  Time since last request: 0.000252 seconds.
  path: Assets/Resources/Blue_Run.png
  artifactKey: Guid(ec14608a560cbb846883fa46690996fd) Importer(815301076,1909f56bfc062723c751e8b465ee728b)
Start importing Assets/Resources/Blue_Run.png using Guid(ec14608a560cbb846883fa46690996fd) Importer(815301076,1909f56bfc062723c751e8b465ee728b)  -> (artifact id: '12fddf804696988121dde7a7ed3242ac') in 0.041710 seconds
  Import took 0.044448 seconds .

========================================================================
Received Import Request.
  Time since last request: 0.000291 seconds.
  path: Assets/Resources/Bar.png
  artifactKey: Guid(aa57c6cb5fe1b034a956f60142a81cdd) Importer(815301076,1909f56bfc062723c751e8b465ee728b)
Start importing Assets/Resources/Bar.png using Guid(aa57c6cb5fe1b034a956f60142a81cdd) Importer(815301076,1909f56bfc062723c751e8b465ee728b)  -> (artifact id: '87540928c77bd8d0726b739ff59aefcf') in 0.014050 seconds
  Import took 0.017239 seconds .

========================================================================
Received Import Request.
  Time since last request: 0.000287 seconds.
  path: Assets/Resources/Blue_Idle.png
  artifactKey: Guid(43f74cc9a3c3ac94a90dafc8afd69ced) Importer(815301076,1909f56bfc062723c751e8b465ee728b)
Start importing Assets/Resources/Blue_Idle.png using Guid(43f74cc9a3c3ac94a90dafc8afd69ced) Importer(815301076,1909f56bfc062723c751e8b465ee728b)  -> (artifact id: '5e487df5b674f570b9d5e0756c809661') in 0.040217 seconds
  Import took 0.045241 seconds .

========================================================================
Received Import Request.
  Time since last request: 0.000324 seconds.
  path: Assets/Resources/Heart.png
  artifactKey: Guid(c6cdc3333b1149c45bdbb3a3b6fdaa69) Importer(815301076,1909f56bfc062723c751e8b465ee728b)
Start importing Assets/Resources/Heart.png using Guid(c6cdc3333b1149c45bdbb3a3b6fdaa69) Importer(815301076,1909f56bfc062723c751e8b465ee728b)  -> (artifact id: '24bac63ae87cc5715e48215e23138049') in 0.024429 seconds
  Import took 0.029547 seconds .

========================================================================
Received Import Request.
  Time since last request: 0.000321 seconds.
  path: Assets/Resources/Bat_Sprite_Sheet.png
  artifactKey: Guid(1f8cb58c57157e340b13ab80fe64e254) Importer(815301076,1909f56bfc062723c751e8b465ee728b)
Start importing Assets/Resources/Bat_Sprite_Sheet.png using Guid(1f8cb58c57157e340b13ab80fe64e254) Importer(815301076,1909f56bfc062723c751e8b465ee728b)  -> (artifact id: '064931ddc4aa450c588d5c4751f5ccc9') in 0.090599 seconds
  Import took 0.094708 seconds .

========================================================================
Received Prepare
Registering precompiled user dll's ...
Registered in 0.001327 seconds.
Begin MonoManager ReloadAssembly
Native extension for WindowsStandalone target not found
Refreshing native plugins compatible for Editor in 0.35 ms, found 1 plugins.
Preloading 0 native plugins for Editor in 0.00 ms.
Invoked RoslynAnalysisRunner static constructor.
RoslynAnalysisRunner will not be running.
RoslynAnalysisRunner has terminated.
Mono: successfully reloaded assembly
- Completed reload, in  1.035 seconds
Platform modules already initialized, skipping
Refreshing native plugins compatible for Editor in 0.38 ms, found 1 plugins.
Preloading 0 native plugins for Editor in 0.00 ms.
Unloading 1815 Unused Serialized files (Serialized files now loaded: 0)
System memory in use before: 88.5 MB.
System memory in use after: 88.6 MB.

Unloading 9 unused Assets to reduce memory usage. Loaded Objects now: 2303.
Total: 1.982100 ms (FindLiveObjects: 0.208700 ms CreateObjectMapping: 0.072400 ms MarkObjects: 1.643600 ms  DeleteObjects: 0.056200 ms)

========================================================================
Received Import Request.
  Time since last request: 57.996829 seconds.
  path: Assets/Scripts/PlayerMovement.cs
  artifactKey: Guid(7f80a13a7ec341643a99244ab9fc866b) Importer(815301076,1909f56bfc062723c751e8b465ee728b)
Start importing Assets/Scripts/PlayerMovement.cs using Guid(7f80a13a7ec341643a99244ab9fc866b) Importer(815301076,1909f56bfc062723c751e8b465ee728b)  -> (artifact id: '0aba405c9b2021cce4d80ece36d4cdd0') in 0.009701 seconds
  Import took 0.013320 seconds .

========================================================================
Received Prepare
Registering precompiled user dll's ...
Registered in 0.001111 seconds.
Begin MonoManager ReloadAssembly
Native extension for WindowsStandalone target not found
Refreshing native plugins compatible for Editor in 0.40 ms, found 1 plugins.
Preloading 0 native plugins for Editor in 0.00 ms.
Invoked RoslynAnalysisRunner static constructor.
RoslynAnalysisRunner will not be running.
RoslynAnalysisRunner has terminated.
Mono: successfully reloaded assembly
- Completed reload, in  0.896 seconds
Platform modules already initialized, skipping
Refreshing native plugins compatible for Editor in 0.39 ms, found 1 plugins.
Preloading 0 native plugins for Editor in 0.00 ms.
Unloading 1815 Unused Serialized files (Serialized files now loaded: 0)
System memory in use before: 88.5 MB.
System memory in use after: 88.6 MB.

Unloading 9 unused Assets to reduce memory usage. Loaded Objects now: 2307.
Total: 1.714900 ms (FindLiveObjects: 0.178200 ms CreateObjectMapping: 0.070600 ms MarkObjects: 1.405600 ms  DeleteObjects: 0.059500 ms)

========================================================================
Received Prepare
Registering precompiled user dll's ...
Registered in 0.001263 seconds.
Begin MonoManager ReloadAssembly
Native extension for WindowsStandalone target not found
Refreshing native plugins compatible for Editor in 1.03 ms, found 1 plugins.
Preloading 0 native plugins for Editor in 0.00 ms.
Invoked RoslynAnalysisRunner static constructor.
RoslynAnalysisRunner will not be running.
RoslynAnalysisRunner has terminated.
Mono: successfully reloaded assembly
- Completed reload, in  0.922 seconds
Platform modules already initialized, skipping
Refreshing native plugins compatible for Editor in 0.50 ms, found 1 plugins.
Preloading 0 native plugins for Editor in 0.00 ms.
Unloading 1815 Unused Serialized files (Serialized files now loaded: 0)
System memory in use before: 88.5 MB.
System memory in use after: 88.6 MB.

Unloading 9 unused Assets to reduce memory usage. Loaded Objects now: 2311.
Total: 1.879800 ms (FindLiveObjects: 0.192300 ms CreateObjectMapping: 0.064400 ms MarkObjects: 1.543500 ms  DeleteObjects: 0.078400 ms)

========================================================================
Received Prepare
Registering precompiled user dll's ...
Registered in 0.001176 seconds.
Begin MonoManager ReloadAssembly
Native extension for WindowsStandalone target not found
Refreshing native plugins compatible for Editor in 0.36 ms, found 1 plugins.
Preloading 0 native plugins for Editor in 0.00 ms.
Invoked RoslynAnalysisRunner static constructor.
RoslynAnalysisRunner will not be running.
RoslynAnalysisRunner has terminated.
Mono: successfully reloaded assembly
- Completed reload, in  0.881 seconds
Platform modules already initialized, skipping
Refreshing native plugins compatible for Editor in 0.34 ms, found 1 plugins.
Preloading 0 native plugins for Editor in 0.00 ms.
Unloading 1815 Unused Serialized files (Serialized files now loaded: 0)
System memory in use before: 88.6 MB.
System memory in use after: 88.6 MB.

Unloading 9 unused Assets to reduce memory usage. Loaded Objects now: 2315.
Total: 1.961900 ms (FindLiveObjects: 0.226200 ms CreateObjectMapping: 0.084300 ms MarkObjects: 1.588100 ms  DeleteObjects: 0.062100 ms)

========================================================================
Received Prepare
Registering precompiled user dll's ...
Registered in 0.001142 seconds.
Begin MonoManager ReloadAssembly
Native extension for WindowsStandalone target not found
Refreshing native plugins compatible for Editor in 0.36 ms, found 1 plugins.
Preloading 0 native plugins for Editor in 0.00 ms.
Invoked RoslynAnalysisRunner static constructor.
RoslynAnalysisRunner will not be running.
RoslynAnalysisRunner has terminated.
Mono: successfully reloaded assembly
- Completed reload, in  0.828 seconds
Platform modules already initialized, skipping
Refreshing native plugins compatible for Editor in 0.34 ms, found 1 plugins.
Preloading 0 native plugins for Editor in 0.00 ms.
Unloading 1815 Unused Serialized files (Serialized files now loaded: 0)
System memory in use before: 88.6 MB.
System memory in use after: 88.6 MB.

Unloading 9 unused Assets to reduce memory usage. Loaded Objects now: 2319.
Total: 2.146800 ms (FindLiveObjects: 0.195800 ms CreateObjectMapping: 0.072800 ms MarkObjects: 1.811900 ms  DeleteObjects: 0.065300 ms)

AssetImportWorkerClient::OnTransportError - code=2 error=End of file
